[2025-11-01 09:51:20.310] [global] [info] [app_context.cc:392] TryGetTrunkConfigPb failed
[2025-11-01 09:51:20.351] [global] [info] [app_context.cc:392] TryGetTrunkConfigPb failed
[2025-11-01 09:51:20.352] [global] [info] [app_context.cc:392] TryGetTrunkConfigPb failed
[2025-11-01 09:51:20.352] [global] [info] [app_context.cc:392] TryGetTrunkConfigPb failed
[2025-11-01 09:51:29.048] [global] [info] [git_source_control.cc:517] Computing merge base between 932665d3cd9b0cd0967e67ffe637c0d46a34f582 and d4723ceddb48539e3d752c25cdaf62c15445ecc6
[2025-11-01 09:51:29.049] [global] [info] [git_source_control.cc:519] Resolved divergent commit as d4723ceddb48539e3d752c25cdaf62c15445ecc6
[2025-11-01 09:51:29.053] [global] [info] [app_context.cc:392] TryGetTrunkConfigPb failed
[2025-11-01 09:51:29.087] [global] [info] [app_context.cc:392] TryGetTrunkConfigPb failed
[2025-11-01 09:51:29.089] [global] [info] [app_context.cc:392] TryGetTrunkConfigPb failed
[2025-11-01 09:51:29.090] [global] [info] [app_context.cc:392] TryGetTrunkConfigPb failed
[2025-11-01 09:51:39.227] [global] [info] [git_source_control.cc:517] Computing merge base between 932665d3cd9b0cd0967e67ffe637c0d46a34f582 and d4723ceddb48539e3d752c25cdaf62c15445ecc6
[2025-11-01 09:51:39.227] [global] [info] [git_source_control.cc:519] Resolved divergent commit as d4723ceddb48539e3d752c25cdaf62c15445ecc6
[2025-11-01 09:51:39.231] [global] [info] [app_context.cc:392] TryGetTrunkConfigPb failed
[2025-11-01 09:51:39.231] [global] [info] [app_context.cc:392] TryGetTrunkConfigPb failed
[2025-11-01 09:51:39.231] [global] [info] [app_context.cc:392] TryGetTrunkConfigPb failed
[2025-11-01 09:51:39.232] [global] [info] [app_context.cc:392] TryGetTrunkConfigPb failed
[2025-11-01 09:53:17.409] [global] [info] [git_source_control.cc:517] Computing merge base between 932665d3cd9b0cd0967e67ffe637c0d46a34f582 and d4723ceddb48539e3d752c25cdaf62c15445ecc6
[2025-11-01 09:53:17.411] [global] [info] [git_source_control.cc:519] Resolved divergent commit as d4723ceddb48539e3d752c25cdaf62c15445ecc6
[2025-11-01 09:53:17.415] [global] [info] [app_context.cc:392] TryGetTrunkConfigPb failed
[2025-11-01 09:53:17.415] [global] [info] [app_context.cc:392] TryGetTrunkConfigPb failed
[2025-11-01 09:53:17.416] [global] [info] [app_context.cc:392] TryGetTrunkConfigPb failed
[2025-11-01 09:53:17.417] [global] [info] [app_context.cc:392] TryGetTrunkConfigPb failed
[2025-11-01 09:53:35.964] [global] [info] [git_source_control.cc:517] Computing merge base between 932665d3cd9b0cd0967e67ffe637c0d46a34f582 and d4723ceddb48539e3d752c25cdaf62c15445ecc6
[2025-11-01 09:53:35.965] [global] [info] [git_source_control.cc:519] Resolved divergent commit as d4723ceddb48539e3d752c25cdaf62c15445ecc6
[2025-11-01 09:53:35.966] [global] [info] [app_context.cc:392] TryGetTrunkConfigPb failed
[2025-11-01 09:53:35.966] [global] [info] [app_context.cc:392] TryGetTrunkConfigPb failed
[2025-11-01 09:53:35.967] [global] [info] [app_context.cc:392] TryGetTrunkConfigPb failed
[2025-11-01 09:53:35.968] [global] [info] [app_context.cc:392] TryGetTrunkConfigPb failed
[2025-11-01 09:54:10.046] [global] [info] [git_source_control.cc:517] Computing merge base between b91482b673b2eb2bf041589eef07be5f29aba0f4 and d4723ceddb48539e3d752c25cdaf62c15445ecc6
[2025-11-01 09:54:10.079] [global] [info] [git_source_control.cc:519] Resolved divergent commit as d4723ceddb48539e3d752c25cdaf62c15445ecc6
[2025-11-01 09:54:10.081] [global] [info] [app_context.cc:392] TryGetTrunkConfigPb failed
[2025-11-01 09:54:10.081] [global] [info] [app_context.cc:392] TryGetTrunkConfigPb failed
[2025-11-01 09:54:10.082] [global] [info] [app_context.cc:392] TryGetTrunkConfigPb failed
[2025-11-01 09:54:10.083] [global] [info] [app_context.cc:392] TryGetTrunkConfigPb failed
[2025-11-01 09:55:03.351] [global] [info] [git_source_control.cc:517] Computing merge base between b91482b673b2eb2bf041589eef07be5f29aba0f4 and d4723ceddb48539e3d752c25cdaf62c15445ecc6
[2025-11-01 09:55:03.352] [global] [info] [git_source_control.cc:519] Resolved divergent commit as d4723ceddb48539e3d752c25cdaf62c15445ecc6
[2025-11-01 09:55:03.354] [global] [info] [app_context.cc:392] TryGetTrunkConfigPb failed
[2025-11-01 09:55:03.354] [global] [info] [app_context.cc:392] TryGetTrunkConfigPb failed
[2025-11-01 09:55:03.355] [global] [info] [app_context.cc:392] TryGetTrunkConfigPb failed
[2025-11-01 09:55:03.356] [global] [info] [app_context.cc:392] TryGetTrunkConfigPb failed
[2025-11-01 09:55:04.629] [global] [info] [git_source_control.cc:517] Computing merge base between b91482b673b2eb2bf041589eef07be5f29aba0f4 and 3aaa633f788252523376a6a5e60792fcb477c189
[2025-11-01 09:55:04.721] [global] [info] [git_source_control.cc:519] Resolved divergent commit as 932665d3cd9b0cd0967e67ffe637c0d46a34f582
[2025-11-01 09:55:04.743] [global] [info] [app_context.cc:392] TryGetTrunkConfigPb failed
[2025-11-01 09:55:04.743] [global] [info] [app_context.cc:392] TryGetTrunkConfigPb failed
[2025-11-01 09:55:04.744] [global] [info] [app_context.cc:392] TryGetTrunkConfigPb failed
[2025-11-01 09:55:04.744] [global] [info] [app_context.cc:392] TryGetTrunkConfigPb failed
[2025-11-01 09:55:14.640] [global] [info] [git_source_control.cc:517] Computing merge base between b91482b673b2eb2bf041589eef07be5f29aba0f4 and 3aaa633f788252523376a6a5e60792fcb477c189
[2025-11-01 09:55:14.641] [global] [info] [git_source_control.cc:519] Resolved divergent commit as 932665d3cd9b0cd0967e67ffe637c0d46a34f582
[2025-11-01 09:55:14.642] [global] [info] [app_context.cc:392] TryGetTrunkConfigPb failed
[2025-11-01 09:55:14.643] [global] [info] [app_context.cc:392] TryGetTrunkConfigPb failed
[2025-11-01 09:55:14.643] [global] [info] [app_context.cc:392] TryGetTrunkConfigPb failed
[2025-11-01 09:55:14.644] [global] [info] [app_context.cc:392] TryGetTrunkConfigPb failed
[2025-11-01 09:55:46.147] [global] [info] [git_source_control.cc:517] Computing merge base between aa4844b4363082e1c2e946c09a8b286681d6e2e1 and 3aaa633f788252523376a6a5e60792fcb477c189
[2025-11-01 09:55:46.149] [global] [info] [git_source_control.cc:519] Resolved divergent commit as aa4844b4363082e1c2e946c09a8b286681d6e2e1
[2025-11-01 09:55:46.171] [global] [info] [app_context.cc:392] TryGetTrunkConfigPb failed
[2025-11-01 09:55:46.171] [global] [info] [app_context.cc:392] TryGetTrunkConfigPb failed
[2025-11-01 09:55:46.172] [global] [info] [app_context.cc:392] TryGetTrunkConfigPb failed
[2025-11-01 09:55:46.173] [global] [info] [app_context.cc:392] TryGetTrunkConfigPb failed
[2025-11-01 09:55:59.231] [global] [info] [git_source_control.cc:517] Computing merge base between aa4844b4363082e1c2e946c09a8b286681d6e2e1 and 3aaa633f788252523376a6a5e60792fcb477c189
[2025-11-01 09:55:59.232] [global] [info] [git_source_control.cc:519] Resolved divergent commit as aa4844b4363082e1c2e946c09a8b286681d6e2e1
[2025-11-01 09:55:59.234] [global] [info] [app_context.cc:392] TryGetTrunkConfigPb failed
[2025-11-01 09:55:59.234] [global] [info] [app_context.cc:392] TryGetTrunkConfigPb failed
[2025-11-01 09:55:59.235] [global] [info] [app_context.cc:392] TryGetTrunkConfigPb failed
[2025-11-01 09:55:59.236] [global] [info] [app_context.cc:392] TryGetTrunkConfigPb failed
[2025-11-01 09:56:00.126] [global] [info] [git_source_control.cc:517] Computing merge base between aa4844b4363082e1c2e946c09a8b286681d6e2e1 and 3aaa633f788252523376a6a5e60792fcb477c189
[2025-11-01 09:56:00.127] [global] [info] [git_source_control.cc:519] Resolved divergent commit as aa4844b4363082e1c2e946c09a8b286681d6e2e1
[2025-11-01 09:56:00.128] [global] [info] [app_context.cc:392] TryGetTrunkConfigPb failed
[2025-11-01 09:56:00.128] [global] [info] [app_context.cc:392] TryGetTrunkConfigPb failed
[2025-11-01 09:56:00.129] [global] [info] [app_context.cc:392] TryGetTrunkConfigPb failed
[2025-11-01 09:56:00.129] [global] [info] [app_context.cc:392] TryGetTrunkConfigPb failed
[2025-11-01 09:56:01.095] [global] [info] [git_source_control.cc:517] Computing merge base between aa4844b4363082e1c2e946c09a8b286681d6e2e1 and 3aaa633f788252523376a6a5e60792fcb477c189
[2025-11-01 09:56:01.096] [global] [info] [git_source_control.cc:519] Resolved divergent commit as aa4844b4363082e1c2e946c09a8b286681d6e2e1
[2025-11-01 09:56:01.098] [global] [info] [app_context.cc:392] TryGetTrunkConfigPb failed
[2025-11-01 09:56:01.099] [global] [info] [app_context.cc:392] TryGetTrunkConfigPb failed
[2025-11-01 09:56:01.099] [global] [info] [app_context.cc:392] TryGetTrunkConfigPb failed
[2025-11-01 09:56:01.100] [global] [info] [app_context.cc:392] TryGetTrunkConfigPb failed
[2025-11-01 09:56:21.281] [global] [info] [git_source_control.cc:517] Computing merge base between c5f513974d869a0ad1fd1e32e7e8f3d4de1e6cbf and 3aaa633f788252523376a6a5e60792fcb477c189
[2025-11-01 09:56:21.283] [global] [info] [git_source_control.cc:519] Resolved divergent commit as c5f513974d869a0ad1fd1e32e7e8f3d4de1e6cbf
[2025-11-01 09:56:21.316] [global] [info] [app_context.cc:392] TryGetTrunkConfigPb failed
[2025-11-01 09:56:21.316] [global] [info] [app_context.cc:392] TryGetTrunkConfigPb failed
[2025-11-01 09:56:21.316] [global] [info] [app_context.cc:392] TryGetTrunkConfigPb failed
[2025-11-01 09:56:21.317] [global] [info] [app_context.cc:392] TryGetTrunkConfigPb failed
[2025-11-01 09:56:41.882] [global] [info] [git_source_control.cc:517] Computing merge base between 932665d3cd9b0cd0967e67ffe637c0d46a34f582 and 3aaa633f788252523376a6a5e60792fcb477c189
[2025-11-01 09:56:41.883] [global] [info] [git_source_control.cc:519] Resolved divergent commit as 932665d3cd9b0cd0967e67ffe637c0d46a34f582
[2025-11-01 09:56:41.998] [global] [info] [app_context.cc:392] TryGetTrunkConfigPb failed
[2025-11-01 09:56:41.998] [global] [info] [app_context.cc:392] TryGetTrunkConfigPb failed
[2025-11-01 09:56:41.999] [global] [info] [app_context.cc:392] TryGetTrunkConfigPb failed
[2025-11-01 09:56:41.999] [global] [info] [app_context.cc:392] TryGetTrunkConfigPb failed
[2025-11-01 09:57:00.642] [global] [info] [git_source_control.cc:517] Computing merge base between 932665d3cd9b0cd0967e67ffe637c0d46a34f582 and 3aaa633f788252523376a6a5e60792fcb477c189
[2025-11-01 09:57:00.645] [global] [info] [git_source_control.cc:519] Resolved divergent commit as 932665d3cd9b0cd0967e67ffe637c0d46a34f582
[2025-11-01 09:57:00.647] [global] [info] [app_context.cc:392] TryGetTrunkConfigPb failed
[2025-11-01 09:57:00.647] [global] [info] [app_context.cc:392] TryGetTrunkConfigPb failed
[2025-11-01 09:57:00.648] [global] [info] [app_context.cc:392] TryGetTrunkConfigPb failed
[2025-11-01 09:57:00.649] [global] [info] [app_context.cc:392] TryGetTrunkConfigPb failed
[2025-11-01 09:57:06.673] [global] [info] [git_source_control.cc:517] Computing merge base between 932665d3cd9b0cd0967e67ffe637c0d46a34f582 and 3aaa633f788252523376a6a5e60792fcb477c189
[2025-11-01 09:57:06.675] [global] [info] [git_source_control.cc:519] Resolved divergent commit as 932665d3cd9b0cd0967e67ffe637c0d46a34f582
[2025-11-01 09:57:06.676] [global] [info] [app_context.cc:392] TryGetTrunkConfigPb failed
[2025-11-01 09:57:06.676] [global] [info] [app_context.cc:392] TryGetTrunkConfigPb failed
[2025-11-01 09:57:06.677] [global] [info] [app_context.cc:392] TryGetTrunkConfigPb failed
[2025-11-01 09:57:06.678] [global] [info] [app_context.cc:392] TryGetTrunkConfigPb failed
[2025-11-01 09:57:21.658] [global] [info] [git_source_control.cc:517] Computing merge base between 932665d3cd9b0cd0967e67ffe637c0d46a34f582 and 3aaa633f788252523376a6a5e60792fcb477c189
[2025-11-01 09:57:21.659] [global] [info] [git_source_control.cc:519] Resolved divergent commit as 932665d3cd9b0cd0967e67ffe637c0d46a34f582
[2025-11-01 09:57:21.661] [global] [info] [app_context.cc:392] TryGetTrunkConfigPb failed
[2025-11-01 09:57:21.661] [global] [info] [app_context.cc:392] TryGetTrunkConfigPb failed
[2025-11-01 09:57:21.662] [global] [info] [app_context.cc:392] TryGetTrunkConfigPb failed
[2025-11-01 09:57:21.663] [global] [info] [app_context.cc:392] TryGetTrunkConfigPb failed
[2025-11-01 09:57:40.409] [global] [info] [git_source_control.cc:517] Computing merge base between 932665d3cd9b0cd0967e67ffe637c0d46a34f582 and 3aaa633f788252523376a6a5e60792fcb477c189
[2025-11-01 09:57:40.411] [global] [info] [git_source_control.cc:519] Resolved divergent commit as 932665d3cd9b0cd0967e67ffe637c0d46a34f582
[2025-11-01 09:57:40.413] [global] [info] [app_context.cc:392] TryGetTrunkConfigPb failed
[2025-11-01 09:57:40.413] [global] [info] [app_context.cc:392] TryGetTrunkConfigPb failed
[2025-11-01 09:57:40.414] [global] [info] [app_context.cc:392] TryGetTrunkConfigPb failed
[2025-11-01 09:57:40.415] [global] [info] [app_context.cc:392] TryGetTrunkConfigPb failed
[2025-11-01 09:57:49.395] [global] [info] [git_source_control.cc:517] Computing merge base between 932665d3cd9b0cd0967e67ffe637c0d46a34f582 and 3aaa633f788252523376a6a5e60792fcb477c189
[2025-11-01 09:57:49.397] [global] [info] [git_source_control.cc:519] Resolved divergent commit as 932665d3cd9b0cd0967e67ffe637c0d46a34f582
[2025-11-01 09:57:49.401] [global] [info] [app_context.cc:392] TryGetTrunkConfigPb failed
[2025-11-01 09:57:49.401] [global] [info] [app_context.cc:392] TryGetTrunkConfigPb failed
[2025-11-01 09:57:49.402] [global] [info] [app_context.cc:392] TryGetTrunkConfigPb failed
[2025-11-01 09:57:49.403] [global] [info] [app_context.cc:392] TryGetTrunkConfigPb failed
[2025-11-01 09:57:57.327] [global] [info] [git_source_control.cc:517] Computing merge base between 932665d3cd9b0cd0967e67ffe637c0d46a34f582 and 3aaa633f788252523376a6a5e60792fcb477c189
[2025-11-01 09:57:57.329] [global] [info] [git_source_control.cc:519] Resolved divergent commit as 932665d3cd9b0cd0967e67ffe637c0d46a34f582
[2025-11-01 09:57:57.331] [global] [info] [app_context.cc:392] TryGetTrunkConfigPb failed
[2025-11-01 09:57:57.332] [global] [info] [app_context.cc:392] TryGetTrunkConfigPb failed
[2025-11-01 09:57:57.333] [global] [info] [app_context.cc:392] TryGetTrunkConfigPb failed
[2025-11-01 09:57:57.334] [global] [info] [app_context.cc:392] TryGetTrunkConfigPb failed
[2025-11-01 09:58:05.545] [global] [info] [git_source_control.cc:517] Computing merge base between 932665d3cd9b0cd0967e67ffe637c0d46a34f582 and 3aaa633f788252523376a6a5e60792fcb477c189
[2025-11-01 09:58:05.547] [global] [info] [git_source_control.cc:519] Resolved divergent commit as 932665d3cd9b0cd0967e67ffe637c0d46a34f582
[2025-11-01 09:58:05.548] [global] [info] [app_context.cc:392] TryGetTrunkConfigPb failed
[2025-11-01 09:58:05.549] [global] [info] [app_context.cc:392] TryGetTrunkConfigPb failed
[2025-11-01 09:58:05.549] [global] [info] [app_context.cc:392] TryGetTrunkConfigPb failed
[2025-11-01 09:58:05.550] [global] [info] [app_context.cc:392] TryGetTrunkConfigPb failed
[2025-11-01 09:58:27.082] [global] [info] [git_source_control.cc:517] Computing merge base between 81fb046292af50e6abb75b4985eebcf4782f10c8 and 3aaa633f788252523376a6a5e60792fcb477c189
[2025-11-01 09:58:27.101] [global] [info] [git_source_control.cc:519] Resolved divergent commit as 932665d3cd9b0cd0967e67ffe637c0d46a34f582
[2025-11-01 09:58:27.103] [global] [info] [app_context.cc:392] TryGetTrunkConfigPb failed
[2025-11-01 09:58:27.103] [global] [info] [app_context.cc:392] TryGetTrunkConfigPb failed
[2025-11-01 09:58:27.104] [global] [info] [app_context.cc:392] TryGetTrunkConfigPb failed
[2025-11-01 09:58:27.104] [global] [info] [app_context.cc:392] TryGetTrunkConfigPb failed
[2025-11-01 09:58:39.359] [global] [info] [git_source_control.cc:517] Computing merge base between 81fb046292af50e6abb75b4985eebcf4782f10c8 and 3aaa633f788252523376a6a5e60792fcb477c189
[2025-11-01 09:58:39.361] [global] [info] [git_source_control.cc:519] Resolved divergent commit as 932665d3cd9b0cd0967e67ffe637c0d46a34f582
[2025-11-01 09:58:39.363] [global] [info] [app_context.cc:392] TryGetTrunkConfigPb failed
[2025-11-01 09:58:39.363] [global] [info] [app_context.cc:392] TryGetTrunkConfigPb failed
[2025-11-01 09:58:39.364] [global] [info] [app_context.cc:392] TryGetTrunkConfigPb failed
[2025-11-01 09:58:39.364] [global] [info] [app_context.cc:392] TryGetTrunkConfigPb failed
[2025-11-01 09:59:26.455] [global] [info] [git_source_control.cc:517] Computing merge base between c5f513974d869a0ad1fd1e32e7e8f3d4de1e6cbf and 3aaa633f788252523376a6a5e60792fcb477c189
[2025-11-01 09:59:26.457] [global] [info] [git_source_control.cc:519] Resolved divergent commit as c5f513974d869a0ad1fd1e32e7e8f3d4de1e6cbf
[2025-11-01 09:59:26.482] [global] [info] [app_context.cc:392] TryGetTrunkConfigPb failed
[2025-11-01 09:59:26.482] [global] [info] [app_context.cc:392] TryGetTrunkConfigPb failed
[2025-11-01 09:59:26.483] [global] [info] [app_context.cc:392] TryGetTrunkConfigPb failed
[2025-11-01 09:59:26.483] [global] [info] [app_context.cc:392] TryGetTrunkConfigPb failed
[2025-11-01 09:59:35.976] [global] [info] [git_source_control.cc:517] Computing merge base between c5f513974d869a0ad1fd1e32e7e8f3d4de1e6cbf and 3aaa633f788252523376a6a5e60792fcb477c189
[2025-11-01 09:59:35.977] [global] [info] [git_source_control.cc:519] Resolved divergent commit as c5f513974d869a0ad1fd1e32e7e8f3d4de1e6cbf
[2025-11-01 09:59:35.979] [global] [info] [app_context.cc:392] TryGetTrunkConfigPb failed
[2025-11-01 09:59:35.979] [global] [info] [app_context.cc:392] TryGetTrunkConfigPb failed
[2025-11-01 09:59:35.980] [global] [info] [app_context.cc:392] TryGetTrunkConfigPb failed
[2025-11-01 09:59:35.980] [global] [info] [app_context.cc:392] TryGetTrunkConfigPb failed
[2025-11-01 09:59:37.134] [global] [info] [git_source_control.cc:517] Computing merge base between c5f513974d869a0ad1fd1e32e7e8f3d4de1e6cbf and 389f18c552fda67fc8a1cbc039439abbb99854f1
[2025-11-01 09:59:37.136] [global] [info] [git_source_control.cc:519] Resolved divergent commit as c5f513974d869a0ad1fd1e32e7e8f3d4de1e6cbf
[2025-11-01 09:59:37.138] [global] [info] [app_context.cc:392] TryGetTrunkConfigPb failed
[2025-11-01 09:59:37.138] [global] [info] [app_context.cc:392] TryGetTrunkConfigPb failed
[2025-11-01 09:59:37.139] [global] [info] [app_context.cc:392] TryGetTrunkConfigPb failed
[2025-11-01 09:59:37.140] [global] [info] [app_context.cc:392] TryGetTrunkConfigPb failed
[2025-11-01 09:59:46.237] [global] [info] [git_source_control.cc:517] Computing merge base between b91482b673b2eb2bf041589eef07be5f29aba0f4 and 389f18c552fda67fc8a1cbc039439abbb99854f1
[2025-11-01 09:59:46.239] [global] [info] [git_source_control.cc:519] Resolved divergent commit as 932665d3cd9b0cd0967e67ffe637c0d46a34f582
[2025-11-01 09:59:46.263] [global] [info] [app_context.cc:392] TryGetTrunkConfigPb failed
[2025-11-01 09:59:46.263] [global] [info] [app_context.cc:392] TryGetTrunkConfigPb failed
[2025-11-01 09:59:46.263] [global] [info] [app_context.cc:392] TryGetTrunkConfigPb failed
[2025-11-01 09:59:46.264] [global] [info] [app_context.cc:392] TryGetTrunkConfigPb failed
[2025-11-01 10:00:02.107] [global] [info] [git_source_control.cc:517] Computing merge base between b91482b673b2eb2bf041589eef07be5f29aba0f4 and 389f18c552fda67fc8a1cbc039439abbb99854f1
[2025-11-01 10:00:02.108] [global] [info] [git_source_control.cc:519] Resolved divergent commit as 932665d3cd9b0cd0967e67ffe637c0d46a34f582
[2025-11-01 10:00:02.109] [global] [info] [app_context.cc:392] TryGetTrunkConfigPb failed
[2025-11-01 10:00:02.109] [global] [info] [app_context.cc:392] TryGetTrunkConfigPb failed
[2025-11-01 10:00:02.110] [global] [info] [app_context.cc:392] TryGetTrunkConfigPb failed
[2025-11-01 10:00:02.111] [global] [info] [app_context.cc:392] TryGetTrunkConfigPb failed
[2025-11-01 10:00:23.142] [global] [info] [git_source_control.cc:517] Computing merge base between b91482b673b2eb2bf041589eef07be5f29aba0f4 and 389f18c552fda67fc8a1cbc039439abbb99854f1
[2025-11-01 10:00:23.144] [global] [info] [git_source_control.cc:519] Resolved divergent commit as 932665d3cd9b0cd0967e67ffe637c0d46a34f582
[2025-11-01 10:00:23.145] [global] [info] [app_context.cc:392] TryGetTrunkConfigPb failed
[2025-11-01 10:00:23.145] [global] [info] [app_context.cc:392] TryGetTrunkConfigPb failed
[2025-11-01 10:00:23.146] [global] [info] [app_context.cc:392] TryGetTrunkConfigPb failed
[2025-11-01 10:00:23.146] [global] [info] [app_context.cc:392] TryGetTrunkConfigPb failed
[2025-11-01 10:00:32.324] [global] [info] [git_source_control.cc:517] Computing merge base between b91482b673b2eb2bf041589eef07be5f29aba0f4 and 389f18c552fda67fc8a1cbc039439abbb99854f1
[2025-11-01 10:00:32.326] [global] [info] [git_source_control.cc:519] Resolved divergent commit as 932665d3cd9b0cd0967e67ffe637c0d46a34f582
[2025-11-01 10:00:32.330] [global] [info] [app_context.cc:392] TryGetTrunkConfigPb failed
[2025-11-01 10:00:32.331] [global] [info] [app_context.cc:392] TryGetTrunkConfigPb failed
[2025-11-01 10:00:32.332] [global] [info] [app_context.cc:392] TryGetTrunkConfigPb failed
[2025-11-01 10:00:32.332] [global] [info] [app_context.cc:392] TryGetTrunkConfigPb failed
[2025-11-01 10:00:37.411] [global] [info] [git_source_control.cc:517] Computing merge base between b91482b673b2eb2bf041589eef07be5f29aba0f4 and 389f18c552fda67fc8a1cbc039439abbb99854f1
[2025-11-01 10:00:37.413] [global] [info] [git_source_control.cc:519] Resolved divergent commit as 932665d3cd9b0cd0967e67ffe637c0d46a34f582
[2025-11-01 10:00:37.414] [global] [info] [app_context.cc:392] TryGetTrunkConfigPb failed
[2025-11-01 10:00:37.414] [global] [info] [app_context.cc:392] TryGetTrunkConfigPb failed
[2025-11-01 10:00:37.415] [global] [info] [app_context.cc:392] TryGetTrunkConfigPb failed
[2025-11-01 10:00:37.417] [global] [info] [app_context.cc:392] TryGetTrunkConfigPb failed
[2025-11-01 10:01:29.610] [global] [info] [git_source_control.cc:517] Computing merge base between b91482b673b2eb2bf041589eef07be5f29aba0f4 and 389f18c552fda67fc8a1cbc039439abbb99854f1
[2025-11-01 10:01:29.612] [global] [info] [git_source_control.cc:519] Resolved divergent commit as 932665d3cd9b0cd0967e67ffe637c0d46a34f582
[2025-11-01 10:01:29.613] [global] [info] [app_context.cc:392] TryGetTrunkConfigPb failed
[2025-11-01 10:01:29.613] [global] [info] [app_context.cc:392] TryGetTrunkConfigPb failed
[2025-11-01 10:01:29.614] [global] [info] [app_context.cc:392] TryGetTrunkConfigPb failed
[2025-11-01 10:01:29.615] [global] [info] [app_context.cc:392] TryGetTrunkConfigPb failed
[2025-11-01 10:01:50.687] [global] [info] [git_source_control.cc:517] Computing merge base between aad1af50cbefe107ff4e3cfd81bb22f6590ed9f6 and 389f18c552fda67fc8a1cbc039439abbb99854f1
[2025-11-01 10:01:50.705] [global] [info] [git_source_control.cc:519] Resolved divergent commit as 81fb046292af50e6abb75b4985eebcf4782f10c8
[2025-11-01 10:01:50.707] [global] [info] [app_context.cc:392] TryGetTrunkConfigPb failed
[2025-11-01 10:01:50.707] [global] [info] [app_context.cc:392] TryGetTrunkConfigPb failed
[2025-11-01 10:01:50.708] [global] [info] [app_context.cc:392] TryGetTrunkConfigPb failed
[2025-11-01 10:01:50.709] [global] [info] [app_context.cc:392] TryGetTrunkConfigPb failed
[2025-11-01 10:02:16.057] [global] [info] [git_source_control.cc:517] Computing merge base between aad1af50cbefe107ff4e3cfd81bb22f6590ed9f6 and 389f18c552fda67fc8a1cbc039439abbb99854f1
[2025-11-01 10:02:16.060] [global] [info] [git_source_control.cc:519] Resolved divergent commit as 81fb046292af50e6abb75b4985eebcf4782f10c8
[2025-11-01 10:02:16.062] [global] [info] [app_context.cc:392] TryGetTrunkConfigPb failed
[2025-11-01 10:02:16.062] [global] [info] [app_context.cc:392] TryGetTrunkConfigPb failed
[2025-11-01 10:02:16.063] [global] [info] [app_context.cc:392] TryGetTrunkConfigPb failed
[2025-11-01 10:02:16.064] [global] [info] [app_context.cc:392] TryGetTrunkConfigPb failed
[2025-11-01 10:02:18.497] [global] [info] [git_source_control.cc:517] Computing merge base between aad1af50cbefe107ff4e3cfd81bb22f6590ed9f6 and 389f18c552fda67fc8a1cbc039439abbb99854f1
[2025-11-01 10:02:18.499] [global] [info] [git_source_control.cc:519] Resolved divergent commit as 81fb046292af50e6abb75b4985eebcf4782f10c8
[2025-11-01 10:02:18.500] [global] [info] [app_context.cc:392] TryGetTrunkConfigPb failed
[2025-11-01 10:02:18.500] [global] [info] [app_context.cc:392] TryGetTrunkConfigPb failed
[2025-11-01 10:02:18.501] [global] [info] [app_context.cc:392] TryGetTrunkConfigPb failed
[2025-11-01 10:02:18.502] [global] [info] [app_context.cc:392] TryGetTrunkConfigPb failed
[2025-11-01 10:02:19.322] [global] [info] [git_source_control.cc:517] Computing merge base between aad1af50cbefe107ff4e3cfd81bb22f6590ed9f6 and 389f18c552fda67fc8a1cbc039439abbb99854f1
[2025-11-01 10:02:19.323] [global] [info] [git_source_control.cc:519] Resolved divergent commit as 81fb046292af50e6abb75b4985eebcf4782f10c8
[2025-11-01 10:02:19.325] [global] [info] [app_context.cc:392] TryGetTrunkConfigPb failed
[2025-11-01 10:02:19.325] [global] [info] [app_context.cc:392] TryGetTrunkConfigPb failed
[2025-11-01 10:02:19.326] [global] [info] [app_context.cc:392] TryGetTrunkConfigPb failed
[2025-11-01 10:02:19.326] [global] [info] [app_context.cc:392] TryGetTrunkConfigPb failed
[2025-11-01 10:02:20.340] [global] [info] [git_source_control.cc:517] Computing merge base between aad1af50cbefe107ff4e3cfd81bb22f6590ed9f6 and 389f18c552fda67fc8a1cbc039439abbb99854f1
[2025-11-01 10:02:20.342] [global] [info] [git_source_control.cc:519] Resolved divergent commit as 81fb046292af50e6abb75b4985eebcf4782f10c8
[2025-11-01 10:02:20.344] [global] [info] [app_context.cc:392] TryGetTrunkConfigPb failed
[2025-11-01 10:02:20.344] [global] [info] [app_context.cc:392] TryGetTrunkConfigPb failed
[2025-11-01 10:02:20.345] [global] [info] [app_context.cc:392] TryGetTrunkConfigPb failed
[2025-11-01 10:02:20.345] [global] [info] [app_context.cc:392] TryGetTrunkConfigPb failed
[2025-11-01 10:02:34.940] [global] [info] [git_source_control.cc:517] Computing merge base between aad1af50cbefe107ff4e3cfd81bb22f6590ed9f6 and 389f18c552fda67fc8a1cbc039439abbb99854f1
[2025-11-01 10:02:34.943] [global] [info] [git_source_control.cc:519] Resolved divergent commit as 81fb046292af50e6abb75b4985eebcf4782f10c8
[2025-11-01 10:02:34.945] [global] [info] [app_context.cc:392] TryGetTrunkConfigPb failed
[2025-11-01 10:02:34.945] [global] [info] [app_context.cc:392] TryGetTrunkConfigPb failed
[2025-11-01 10:02:34.946] [global] [info] [app_context.cc:392] TryGetTrunkConfigPb failed
[2025-11-01 10:02:34.948] [global] [info] [app_context.cc:392] TryGetTrunkConfigPb failed
[2025-11-01 10:03:06.862] [global] [info] [git_source_control.cc:517] Computing merge base between 932665d3cd9b0cd0967e67ffe637c0d46a34f582 and 389f18c552fda67fc8a1cbc039439abbb99854f1
[2025-11-01 10:03:06.866] [global] [info] [git_source_control.cc:519] Resolved divergent commit as 932665d3cd9b0cd0967e67ffe637c0d46a34f582
[2025-11-01 10:03:06.870] [global] [info] [app_context.cc:392] TryGetTrunkConfigPb failed
[2025-11-01 10:03:06.870] [global] [info] [app_context.cc:392] TryGetTrunkConfigPb failed
[2025-11-01 10:03:06.871] [global] [info] [app_context.cc:392] TryGetTrunkConfigPb failed
[2025-11-01 10:03:06.877] [global] [info] [app_context.cc:392] TryGetTrunkConfigPb failed
[2025-11-01 10:03:10.059] [global] [info] [git_source_control.cc:517] Computing merge base between 932665d3cd9b0cd0967e67ffe637c0d46a34f582 and 389f18c552fda67fc8a1cbc039439abbb99854f1
[2025-11-01 10:03:10.062] [global] [info] [git_source_control.cc:519] Resolved divergent commit as 932665d3cd9b0cd0967e67ffe637c0d46a34f582
[2025-11-01 10:03:10.063] [global] [info] [app_context.cc:392] TryGetTrunkConfigPb failed
[2025-11-01 10:03:10.063] [global] [info] [app_context.cc:392] TryGetTrunkConfigPb failed
[2025-11-01 10:03:10.064] [global] [info] [app_context.cc:392] TryGetTrunkConfigPb failed
[2025-11-01 10:03:10.065] [global] [info] [app_context.cc:392] TryGetTrunkConfigPb failed
[2025-11-01 10:03:10.886] [global] [info] [git_source_control.cc:517] Computing merge base between 932665d3cd9b0cd0967e67ffe637c0d46a34f582 and 389f18c552fda67fc8a1cbc039439abbb99854f1
[2025-11-01 10:03:10.889] [global] [info] [git_source_control.cc:519] Resolved divergent commit as 932665d3cd9b0cd0967e67ffe637c0d46a34f582
[2025-11-01 10:03:10.890] [global] [info] [app_context.cc:392] TryGetTrunkConfigPb failed
[2025-11-01 10:03:10.891] [global] [info] [app_context.cc:392] TryGetTrunkConfigPb failed
[2025-11-01 10:03:10.891] [global] [info] [app_context.cc:392] TryGetTrunkConfigPb failed
[2025-11-01 10:03:10.892] [global] [info] [app_context.cc:392] TryGetTrunkConfigPb failed
[2025-11-01 10:03:11.857] [global] [info] [git_source_control.cc:517] Computing merge base between 932665d3cd9b0cd0967e67ffe637c0d46a34f582 and 389f18c552fda67fc8a1cbc039439abbb99854f1
[2025-11-01 10:03:11.859] [global] [info] [git_source_control.cc:519] Resolved divergent commit as 932665d3cd9b0cd0967e67ffe637c0d46a34f582
[2025-11-01 10:03:11.861] [global] [info] [app_context.cc:392] TryGetTrunkConfigPb failed
[2025-11-01 10:03:11.861] [global] [info] [app_context.cc:392] TryGetTrunkConfigPb failed
[2025-11-01 10:03:11.862] [global] [info] [app_context.cc:392] TryGetTrunkConfigPb failed
[2025-11-01 10:03:11.863] [global] [info] [app_context.cc:392] TryGetTrunkConfigPb failed
[2025-11-01 10:03:38.511] [global] [info] [git_source_control.cc:517] Computing merge base between b91482b673b2eb2bf041589eef07be5f29aba0f4 and 389f18c552fda67fc8a1cbc039439abbb99854f1
[2025-11-01 10:03:38.514] [global] [info] [git_source_control.cc:519] Resolved divergent commit as 932665d3cd9b0cd0967e67ffe637c0d46a34f582
[2025-11-01 10:03:38.517] [global] [info] [app_context.cc:392] TryGetTrunkConfigPb failed
[2025-11-01 10:03:38.517] [global] [info] [app_context.cc:392] TryGetTrunkConfigPb failed
[2025-11-01 10:03:38.518] [global] [info] [app_context.cc:392] TryGetTrunkConfigPb failed
[2025-11-01 10:03:38.519] [global] [info] [app_context.cc:392] TryGetTrunkConfigPb failed
[2025-11-01 10:03:48.678] [global] [info] [git_source_control.cc:517] Computing merge base between aad1af50cbefe107ff4e3cfd81bb22f6590ed9f6 and 389f18c552fda67fc8a1cbc039439abbb99854f1
[2025-11-01 10:03:48.680] [global] [info] [git_source_control.cc:519] Resolved divergent commit as 81fb046292af50e6abb75b4985eebcf4782f10c8
[2025-11-01 10:03:48.683] [global] [info] [app_context.cc:392] TryGetTrunkConfigPb failed
[2025-11-01 10:03:48.683] [global] [info] [app_context.cc:392] TryGetTrunkConfigPb failed
[2025-11-01 10:03:48.684] [global] [info] [app_context.cc:392] TryGetTrunkConfigPb failed
[2025-11-01 10:03:48.685] [global] [info] [app_context.cc:392] TryGetTrunkConfigPb failed
[2025-11-01 10:04:08.308] [global] [info] [git_source_control.cc:517] Computing merge base between aad1af50cbefe107ff4e3cfd81bb22f6590ed9f6 and 389f18c552fda67fc8a1cbc039439abbb99854f1
[2025-11-01 10:04:08.311] [global] [info] [git_source_control.cc:519] Resolved divergent commit as 81fb046292af50e6abb75b4985eebcf4782f10c8
[2025-11-01 10:04:08.312] [global] [info] [app_context.cc:392] TryGetTrunkConfigPb failed
[2025-11-01 10:04:08.312] [global] [info] [app_context.cc:392] TryGetTrunkConfigPb failed
[2025-11-01 10:04:08.313] [global] [info] [app_context.cc:392] TryGetTrunkConfigPb failed
[2025-11-01 10:04:08.314] [global] [info] [app_context.cc:392] TryGetTrunkConfigPb failed
[2025-11-01 10:04:12.522] [global] [info] [git_source_control.cc:517] Computing merge base between aad1af50cbefe107ff4e3cfd81bb22f6590ed9f6 and 389f18c552fda67fc8a1cbc039439abbb99854f1
[2025-11-01 10:04:12.524] [global] [info] [git_source_control.cc:519] Resolved divergent commit as 81fb046292af50e6abb75b4985eebcf4782f10c8
[2025-11-01 10:04:12.526] [global] [info] [app_context.cc:392] TryGetTrunkConfigPb failed
[2025-11-01 10:04:12.526] [global] [info] [app_context.cc:392] TryGetTrunkConfigPb failed
[2025-11-01 10:04:12.527] [global] [info] [app_context.cc:392] TryGetTrunkConfigPb failed
[2025-11-01 10:04:12.528] [global] [info] [app_context.cc:392] TryGetTrunkConfigPb failed
[2025-11-01 10:04:33.924] [global] [info] [git_source_control.cc:517] Computing merge base between aad1af50cbefe107ff4e3cfd81bb22f6590ed9f6 and 389f18c552fda67fc8a1cbc039439abbb99854f1
[2025-11-01 10:04:33.925] [global] [info] [git_source_control.cc:519] Resolved divergent commit as 81fb046292af50e6abb75b4985eebcf4782f10c8
[2025-11-01 10:04:33.927] [global] [info] [app_context.cc:392] TryGetTrunkConfigPb failed
[2025-11-01 10:04:33.927] [global] [info] [app_context.cc:392] TryGetTrunkConfigPb failed
[2025-11-01 10:04:33.928] [global] [info] [app_context.cc:392] TryGetTrunkConfigPb failed
[2025-11-01 10:04:33.929] [global] [info] [app_context.cc:392] TryGetTrunkConfigPb failed
[2025-11-01 10:04:41.859] [global] [info] [git_source_control.cc:517] Computing merge base between aad1af50cbefe107ff4e3cfd81bb22f6590ed9f6 and 389f18c552fda67fc8a1cbc039439abbb99854f1
[2025-11-01 10:04:41.862] [global] [info] [git_source_control.cc:519] Resolved divergent commit as 81fb046292af50e6abb75b4985eebcf4782f10c8
[2025-11-01 10:04:41.863] [global] [info] [app_context.cc:392] TryGetTrunkConfigPb failed
[2025-11-01 10:04:41.863] [global] [info] [app_context.cc:392] TryGetTrunkConfigPb failed
[2025-11-01 10:04:41.864] [global] [info] [app_context.cc:392] TryGetTrunkConfigPb failed
[2025-11-01 10:04:41.865] [global] [info] [app_context.cc:392] TryGetTrunkConfigPb failed
[2025-11-01 10:04:48.326] [global] [info] [git_source_control.cc:517] Computing merge base between aad1af50cbefe107ff4e3cfd81bb22f6590ed9f6 and 389f18c552fda67fc8a1cbc039439abbb99854f1
[2025-11-01 10:04:48.329] [global] [info] [git_source_control.cc:519] Resolved divergent commit as 81fb046292af50e6abb75b4985eebcf4782f10c8
[2025-11-01 10:04:48.331] [global] [info] [app_context.cc:392] TryGetTrunkConfigPb failed
[2025-11-01 10:04:48.331] [global] [info] [app_context.cc:392] TryGetTrunkConfigPb failed
[2025-11-01 10:04:48.332] [global] [info] [app_context.cc:392] TryGetTrunkConfigPb failed
[2025-11-01 10:04:48.333] [global] [info] [app_context.cc:392] TryGetTrunkConfigPb failed
[2025-11-01 10:04:51.875] [global] [info] [git_source_control.cc:517] Computing merge base between aad1af50cbefe107ff4e3cfd81bb22f6590ed9f6 and 389f18c552fda67fc8a1cbc039439abbb99854f1
[2025-11-01 10:04:51.878] [global] [info] [git_source_control.cc:519] Resolved divergent commit as 81fb046292af50e6abb75b4985eebcf4782f10c8
[2025-11-01 10:04:51.879] [global] [info] [app_context.cc:392] TryGetTrunkConfigPb failed
[2025-11-01 10:04:51.880] [global] [info] [app_context.cc:392] TryGetTrunkConfigPb failed
[2025-11-01 10:04:51.880] [global] [info] [app_context.cc:392] TryGetTrunkConfigPb failed
[2025-11-01 10:04:51.881] [global] [info] [app_context.cc:392] TryGetTrunkConfigPb failed
[2025-11-01 10:04:54.581] [global] [info] [git_source_control.cc:517] Computing merge base between aad1af50cbefe107ff4e3cfd81bb22f6590ed9f6 and 389f18c552fda67fc8a1cbc039439abbb99854f1
[2025-11-01 10:04:54.583] [global] [info] [git_source_control.cc:519] Resolved divergent commit as 81fb046292af50e6abb75b4985eebcf4782f10c8
[2025-11-01 10:04:54.585] [global] [info] [app_context.cc:392] TryGetTrunkConfigPb failed
[2025-11-01 10:04:54.585] [global] [info] [app_context.cc:392] TryGetTrunkConfigPb failed
[2025-11-01 10:04:54.586] [global] [info] [app_context.cc:392] TryGetTrunkConfigPb failed
[2025-11-01 10:04:54.587] [global] [info] [app_context.cc:392] TryGetTrunkConfigPb failed
[2025-11-01 10:04:55.455] [global] [info] [git_source_control.cc:517] Computing merge base between aad1af50cbefe107ff4e3cfd81bb22f6590ed9f6 and 389f18c552fda67fc8a1cbc039439abbb99854f1
[2025-11-01 10:04:55.457] [global] [info] [git_source_control.cc:519] Resolved divergent commit as 81fb046292af50e6abb75b4985eebcf4782f10c8
[2025-11-01 10:04:55.458] [global] [info] [app_context.cc:392] TryGetTrunkConfigPb failed
[2025-11-01 10:04:55.458] [global] [info] [app_context.cc:392] TryGetTrunkConfigPb failed
[2025-11-01 10:04:55.459] [global] [info] [app_context.cc:392] TryGetTrunkConfigPb failed
[2025-11-01 10:04:55.460] [global] [info] [app_context.cc:392] TryGetTrunkConfigPb failed
[2025-11-01 10:04:56.457] [global] [info] [git_source_control.cc:517] Computing merge base between aad1af50cbefe107ff4e3cfd81bb22f6590ed9f6 and 389f18c552fda67fc8a1cbc039439abbb99854f1
[2025-11-01 10:04:56.459] [global] [info] [git_source_control.cc:519] Resolved divergent commit as 81fb046292af50e6abb75b4985eebcf4782f10c8
[2025-11-01 10:04:56.461] [global] [info] [app_context.cc:392] TryGetTrunkConfigPb failed
[2025-11-01 10:04:56.461] [global] [info] [app_context.cc:392] TryGetTrunkConfigPb failed
[2025-11-01 10:04:56.462] [global] [info] [app_context.cc:392] TryGetTrunkConfigPb failed
[2025-11-01 10:04:56.462] [global] [info] [app_context.cc:392] TryGetTrunkConfigPb failed
[2025-11-01 10:05:16.103] [global] [info] [git_source_control.cc:517] Computing merge base between aad1af50cbefe107ff4e3cfd81bb22f6590ed9f6 and 389f18c552fda67fc8a1cbc039439abbb99854f1
[2025-11-01 10:05:16.106] [global] [info] [git_source_control.cc:519] Resolved divergent commit as 81fb046292af50e6abb75b4985eebcf4782f10c8
[2025-11-01 10:05:16.107] [global] [info] [app_context.cc:392] TryGetTrunkConfigPb failed
[2025-11-01 10:05:16.107] [global] [info] [app_context.cc:392] TryGetTrunkConfigPb failed
[2025-11-01 10:05:16.108] [global] [info] [app_context.cc:392] TryGetTrunkConfigPb failed
[2025-11-01 10:05:16.109] [global] [info] [app_context.cc:392] TryGetTrunkConfigPb failed
[2025-11-01 10:05:29.986] [global] [info] [git_source_control.cc:517] Computing merge base between aad1af50cbefe107ff4e3cfd81bb22f6590ed9f6 and 389f18c552fda67fc8a1cbc039439abbb99854f1
[2025-11-01 10:05:29.988] [global] [info] [git_source_control.cc:519] Resolved divergent commit as 81fb046292af50e6abb75b4985eebcf4782f10c8
[2025-11-01 10:05:29.989] [global] [info] [app_context.cc:392] TryGetTrunkConfigPb failed
[2025-11-01 10:05:29.989] [global] [info] [app_context.cc:392] TryGetTrunkConfigPb failed
[2025-11-01 10:05:29.990] [global] [info] [app_context.cc:392] TryGetTrunkConfigPb failed
[2025-11-01 10:05:29.991] [global] [info] [app_context.cc:392] TryGetTrunkConfigPb failed
[2025-11-01 10:06:01.980] [global] [info] [git_source_control.cc:517] Computing merge base between b91482b673b2eb2bf041589eef07be5f29aba0f4 and 389f18c552fda67fc8a1cbc039439abbb99854f1
[2025-11-01 10:06:01.982] [global] [info] [git_source_control.cc:519] Resolved divergent commit as 932665d3cd9b0cd0967e67ffe637c0d46a34f582
[2025-11-01 10:06:01.987] [global] [info] [app_context.cc:392] TryGetTrunkConfigPb failed
[2025-11-01 10:06:01.987] [global] [info] [app_context.cc:392] TryGetTrunkConfigPb failed
[2025-11-01 10:06:01.988] [global] [info] [app_context.cc:392] TryGetTrunkConfigPb failed
[2025-11-01 10:06:01.988] [global] [info] [app_context.cc:392] TryGetTrunkConfigPb failed
[2025-11-01 10:06:38.279] [global] [warning] [regex.cc:19] Parse regex function failed: Input '11.9.2' did not match regex 'flyway-(?P<semver>.*)'
[2025-11-01 10:06:38.279] [global] [warning] [download.cc:231] flyway could not parse arg 'semver' from regex function '${version}=>flyway-(?P<semver>.*)' 
[2025-11-01 10:06:38.358] [global] [info] [service.cc:118] Notifications config has not changed
[2025-11-01 10:06:38.378] [global] [info] [git_source_control.cc:517] Computing merge base between 492a9fae23e453bf2e2f8424464f03260f3d97a8 and 389f18c552fda67fc8a1cbc039439abbb99854f1
[2025-11-01 10:06:38.380] [global] [info] [git_source_control.cc:519] Resolved divergent commit as 492a9fae23e453bf2e2f8424464f03260f3d97a8
[2025-11-01 10:06:38.739] [global] [info] [grpc.cc:22] RX:virtual grpc::Status trunk::cli::UpgradeService::GetAvailableUpgrades(grpc::ServerContext *, const upgrade::proto::v1::GetAvailableUpgradesRequest *, grpc::ServerWriter<upgrade::proto::v1::GetAvailableUpgradesResponse> *)
[2025-11-01 10:06:38.741] [global] [info] [cli_upgrade.cc:85] Checking for latest trunk prod version...
[2025-11-01 10:06:38.742] [global] [info] [plugin_upgrade.cc:71] Querying latest version for plugin trunk
[2025-11-01 10:06:39.703] [global] [info] [release.cc:131] Retrieved 10 linter-version pairs from ReleaseVersionService
[2025-11-01 10:06:39.709] [global] [warning] [resolve_binary.cc:46] is_regular_file check failed for for C:\Users\ROEURN.ROS\AppData\Local\trunk\tools\node\22.16.0-12da8a4c27b144aedaf7d975e067667c/bin\npm.bat // 3:The system cannot find the path specified.
[2025-11-01 10:06:39.709] [global] [warning] [resolve_binary.cc:46] is_regular_file check failed for for C:\Users\ROEURN.ROS\AppData\Local\trunk\tools\node\22.16.0-12da8a4c27b144aedaf7d975e067667c/bin\npm // 3:The system cannot find the path specified.
[2025-11-01 10:06:39.709] [global] [warning] [resolve_binary.cc:46] is_regular_file check failed for for C:\Users\ROEURN.ROS\AppData\Local\trunk\tools\node\22.16.0-12da8a4c27b144aedaf7d975e067667c/bin\npm.exe // 3:The system cannot find the path specified.
[2025-11-01 10:06:39.880] [global] [info] [cli_upgrade.cc:92] Successfully fetched latest trunk 1.25.0 version: prod
[2025-11-01 10:06:43.358] [global] [info] [linter.cc:1791] Found config in plugin repo at C:\Users\ROEURN.ROS\AppData\Local\trunk\plugins\https---github-com-trunk-io-plugins\v1.7.3-4ebadccd80b22638\linters\yamllint\.yamllint.yaml
[2025-11-01 10:06:45.668] [global] [info] [git_source_control.cc:517] Computing merge base between 492a9fae23e453bf2e2f8424464f03260f3d97a8 and 389f18c552fda67fc8a1cbc039439abbb99854f1
[2025-11-01 10:06:45.721] [global] [info] [git_source_control.cc:519] Resolved divergent commit as 492a9fae23e453bf2e2f8424464f03260f3d97a8
[2025-11-01 10:06:45.946] [global] [info] [grpc.cc:26] TX:virtual grpc::Status trunk::cli::UpgradeService::GetAvailableUpgrades(grpc::ServerContext *, const upgrade::proto::v1::GetAvailableUpgradesRequest *, grpc::ServerWriter<upgrade::proto::v1::GetAvailableUpgradesResponse> *) status=OK
[2025-11-01 10:06:46.553] [global] [info] [git_source_control.cc:517] Computing merge base between 492a9fae23e453bf2e2f8424464f03260f3d97a8 and 389f18c552fda67fc8a1cbc039439abbb99854f1
[2025-11-01 10:06:46.555] [global] [info] [git_source_control.cc:519] Resolved divergent commit as 492a9fae23e453bf2e2f8424464f03260f3d97a8
[2025-11-01 10:06:47.204] [global] [info] [notification_manager.cc:37] Writing to C:\Users\ROEURN.ROS\Desktop\E-commerce\.trunk\notifications\trunk-upgrade.yaml
[2025-11-01 10:06:47.588] [global] [info] [git_source_control.cc:517] Computing merge base between 492a9fae23e453bf2e2f8424464f03260f3d97a8 and 389f18c552fda67fc8a1cbc039439abbb99854f1
[2025-11-01 10:06:47.590] [global] [info] [git_source_control.cc:519] Resolved divergent commit as 492a9fae23e453bf2e2f8424464f03260f3d97a8
[2025-11-01 10:06:51.660] [global] [info] [service.cc:108] CLI version change; do not run file-triggered actions
[2025-11-01 10:06:51.662] [global] [info] [service.cc:36] CLI version change; do not update tools
[2025-11-01 10:06:51.665] [global] [info] [git_source_control.cc:517] Computing merge base between b91482b673b2eb2bf041589eef07be5f29aba0f4 and 389f18c552fda67fc8a1cbc039439abbb99854f1
[2025-11-01 10:06:51.666] [global] [info] [git_source_control.cc:519] Resolved divergent commit as 932665d3cd9b0cd0967e67ffe637c0d46a34f582
[2025-11-01 10:06:51.696] [global] [info] [app_context.cc:392] TryGetTrunkConfigPb failed
[2025-11-01 10:06:51.696] [global] [info] [app_context.cc:392] TryGetTrunkConfigPb failed
[2025-11-01 10:06:51.696] [global] [info] [app_context.cc:392] TryGetTrunkConfigPb failed
[2025-11-01 10:06:51.697] [global] [info] [app_context.cc:392] TryGetTrunkConfigPb failed
[2025-11-01 10:07:10.244] [global] [info] [git_source_control.cc:517] Computing merge base between aad1af50cbefe107ff4e3cfd81bb22f6590ed9f6 and 389f18c552fda67fc8a1cbc039439abbb99854f1
[2025-11-01 10:07:10.246] [global] [info] [git_source_control.cc:519] Resolved divergent commit as 81fb046292af50e6abb75b4985eebcf4782f10c8
[2025-11-01 10:07:10.250] [global] [info] [app_context.cc:392] TryGetTrunkConfigPb failed
[2025-11-01 10:07:10.250] [global] [info] [app_context.cc:392] TryGetTrunkConfigPb failed
[2025-11-01 10:07:10.251] [global] [info] [app_context.cc:392] TryGetTrunkConfigPb failed
[2025-11-01 10:07:10.252] [global] [info] [app_context.cc:392] TryGetTrunkConfigPb failed
[2025-11-01 10:07:16.292] [global] [info] [git_source_control.cc:517] Computing merge base between aad1af50cbefe107ff4e3cfd81bb22f6590ed9f6 and 389f18c552fda67fc8a1cbc039439abbb99854f1
[2025-11-01 10:07:16.294] [global] [info] [git_source_control.cc:519] Resolved divergent commit as 81fb046292af50e6abb75b4985eebcf4782f10c8
[2025-11-01 10:07:16.297] [global] [info] [app_context.cc:392] TryGetTrunkConfigPb failed
[2025-11-01 10:07:16.297] [global] [info] [app_context.cc:392] TryGetTrunkConfigPb failed
[2025-11-01 10:07:16.298] [global] [info] [app_context.cc:392] TryGetTrunkConfigPb failed
[2025-11-01 10:07:16.298] [global] [info] [app_context.cc:392] TryGetTrunkConfigPb failed
[2025-11-01 10:07:26.140] [global] [info] [git_source_control.cc:517] Computing merge base between aad1af50cbefe107ff4e3cfd81bb22f6590ed9f6 and 389f18c552fda67fc8a1cbc039439abbb99854f1
[2025-11-01 10:07:26.142] [global] [info] [git_source_control.cc:519] Resolved divergent commit as 81fb046292af50e6abb75b4985eebcf4782f10c8
[2025-11-01 10:07:26.144] [global] [info] [app_context.cc:392] TryGetTrunkConfigPb failed
[2025-11-01 10:07:26.144] [global] [info] [app_context.cc:392] TryGetTrunkConfigPb failed
[2025-11-01 10:07:26.145] [global] [info] [app_context.cc:392] TryGetTrunkConfigPb failed
[2025-11-01 10:07:26.146] [global] [info] [app_context.cc:392] TryGetTrunkConfigPb failed
[2025-11-01 10:07:30.258] [global] [info] [git_source_control.cc:517] Computing merge base between aad1af50cbefe107ff4e3cfd81bb22f6590ed9f6 and 389f18c552fda67fc8a1cbc039439abbb99854f1
[2025-11-01 10:07:30.261] [global] [info] [git_source_control.cc:519] Resolved divergent commit as 81fb046292af50e6abb75b4985eebcf4782f10c8
[2025-11-01 10:07:30.262] [global] [info] [app_context.cc:392] TryGetTrunkConfigPb failed
[2025-11-01 10:07:30.262] [global] [info] [app_context.cc:392] TryGetTrunkConfigPb failed
[2025-11-01 10:07:30.263] [global] [info] [app_context.cc:392] TryGetTrunkConfigPb failed
[2025-11-01 10:07:30.264] [global] [info] [app_context.cc:392] TryGetTrunkConfigPb failed
[2025-11-01 10:07:42.962] [global] [info] [git_source_control.cc:517] Computing merge base between aad1af50cbefe107ff4e3cfd81bb22f6590ed9f6 and 389f18c552fda67fc8a1cbc039439abbb99854f1
[2025-11-01 10:07:42.964] [global] [info] [git_source_control.cc:519] Resolved divergent commit as 81fb046292af50e6abb75b4985eebcf4782f10c8
[2025-11-01 10:07:42.965] [global] [info] [app_context.cc:392] TryGetTrunkConfigPb failed
[2025-11-01 10:07:42.965] [global] [info] [app_context.cc:392] TryGetTrunkConfigPb failed
[2025-11-01 10:07:42.966] [global] [info] [app_context.cc:392] TryGetTrunkConfigPb failed
[2025-11-01 10:07:42.967] [global] [info] [app_context.cc:392] TryGetTrunkConfigPb failed
[2025-11-01 10:07:52.373] [global] [info] [git_source_control.cc:517] Computing merge base between aad1af50cbefe107ff4e3cfd81bb22f6590ed9f6 and 389f18c552fda67fc8a1cbc039439abbb99854f1
[2025-11-01 10:07:52.377] [global] [info] [git_source_control.cc:519] Resolved divergent commit as 81fb046292af50e6abb75b4985eebcf4782f10c8
[2025-11-01 10:07:52.378] [global] [info] [app_context.cc:392] TryGetTrunkConfigPb failed
[2025-11-01 10:07:52.378] [global] [info] [app_context.cc:392] TryGetTrunkConfigPb failed
[2025-11-01 10:07:52.379] [global] [info] [app_context.cc:392] TryGetTrunkConfigPb failed
[2025-11-01 10:07:52.380] [global] [info] [app_context.cc:392] TryGetTrunkConfigPb failed
[2025-11-01 10:08:02.673] [global] [info] [git_source_control.cc:517] Computing merge base between aad1af50cbefe107ff4e3cfd81bb22f6590ed9f6 and 389f18c552fda67fc8a1cbc039439abbb99854f1
[2025-11-01 10:08:02.675] [global] [info] [git_source_control.cc:519] Resolved divergent commit as 81fb046292af50e6abb75b4985eebcf4782f10c8
[2025-11-01 10:08:02.677] [global] [info] [app_context.cc:392] TryGetTrunkConfigPb failed
[2025-11-01 10:08:02.677] [global] [info] [app_context.cc:392] TryGetTrunkConfigPb failed
[2025-11-01 10:08:02.678] [global] [info] [app_context.cc:392] TryGetTrunkConfigPb failed
[2025-11-01 10:08:02.679] [global] [info] [app_context.cc:392] TryGetTrunkConfigPb failed
